SF:lib\core\database\database_manager.dart
DA:8,0
DA:10,1
DA:11,1
DA:12,2
DA:14,1
DA:15,2
DA:17,1
DA:32,1
DA:34,0
DA:35,0
DA:36,0
DA:37,0
DA:43,1
DA:45,1
DA:49,1
DA:53,1
DA:57,1
DA:61,1
DA:65,1
DA:71,1
DA:73,2
DA:74,2
DA:77,1
LF:23
LH:18
end_of_record
SF:lib\features\characters\data\datasources\local\sqlite\characters_lds_impl.dart
DA:12,1
DA:14,1
DA:18,2
DA:22,3
DA:23,2
DA:26,0
DA:27,0
DA:31,1
DA:33,2
DA:35,1
DA:39,1
DA:40,0
DA:44,1
DA:46,2
DA:48,1
DA:50,2
DA:53,2
DA:54,0
DA:58,1
DA:60,2
DA:63,1
DA:66,1
DA:67,0
LF:23
LH:18
end_of_record
SF:lib\features\characters\data\models\skill_model.dart
DA:5,1
DA:6,1
DA:8,1
DA:9,1
DA:10,1
DA:11,1
DA:15,1
DA:16,1
DA:17,1
DA:18,1
DA:22,1
DA:23,1
DA:24,2
DA:25,1
LF:14
LH:14
end_of_record
SF:lib\features\characters\data\models\character_model.dart
DA:23,1
DA:42,1
DA:43,1
DA:44,1
DA:45,1
DA:46,1
DA:47,1
DA:48,1
DA:49,5
DA:50,1
DA:51,1
DA:52,1
DA:53,5
DA:54,1
DA:55,1
DA:56,1
DA:57,1
DA:58,1
DA:59,1
DA:63,1
DA:64,1
DA:65,1
DA:66,1
DA:67,1
DA:68,1
DA:69,1
DA:70,6
DA:71,1
DA:72,1
DA:73,2
DA:74,6
DA:75,1
DA:77,2
DA:79,2
DA:80,1
DA:81,2
DA:82,1
DA:86,1
DA:87,1
DA:88,1
DA:89,1
DA:90,1
DA:91,1
DA:92,1
DA:94,5
DA:95,1
DA:96,1
DA:97,1
DA:99,5
DA:100,1
DA:101,1
DA:102,1
DA:103,1
DA:104,1
DA:105,1
DA:109,1
DA:110,1
DA:111,1
DA:112,1
DA:113,1
DA:114,1
DA:115,1
DA:116,2
DA:117,3
DA:118,1
DA:119,1
DA:120,1
DA:121,3
DA:122,2
DA:123,3
DA:124,1
DA:125,1
DA:126,1
DA:127,2
DA:129,1
DA:130,2
DA:132,1
DA:133,1
DA:134,3
DA:135,0
DA:136,1
DA:140,1
DA:141,1
DA:142,3
DA:143,3
DA:144,1
DA:146,2
DA:147,2
DA:148,3
DA:150,1
DA:151,1
DA:152,1
DA:154,1
DA:155,1
DA:159,1
DA:160,1
LF:96
LH:95
end_of_record
SF:lib\features\characters\data\models\stunt_model.dart
DA:5,1
DA:6,1
DA:8,1
DA:9,1
DA:10,1
DA:11,1
DA:15,1
DA:16,1
DA:17,1
DA:18,1
DA:22,1
DA:23,1
DA:24,2
DA:25,1
LF:14
LH:14
end_of_record
SF:lib\core\error\failure.dart
DA:8,1
DA:9,1
LF:2
LH:2
end_of_record
SF:lib\features\characters\data\repositories\characters_repository_impl.dart
DA:13,1
DA:15,1
DA:18,2
DA:20,5
DA:21,1
DA:22,2
DA:26,1
DA:29,3
DA:31,1
DA:32,2
DA:36,1
DA:39,3
DA:41,1
DA:42,2
DA:46,1
DA:49,2
DA:51,1
DA:52,2
LF:18
LH:18
end_of_record
SF:lib\features\characters\domain\entities\skill_entity.dart
DA:8,1
DA:15,0
DA:17,0
DA:19,0
DA:21,0
DA:23,0
DA:25,0
DA:27,0
DA:32,0
DA:34,0
DA:36,0
DA:38,0
DA:40,0
DA:42,0
DA:44,0
LF:15
LH:1
end_of_record
SF:lib\features\characters\domain\entities\stunt_entity.dart
DA:8,1
DA:15,0
DA:17,0
DA:19,0
DA:21,0
DA:23,0
DA:25,0
DA:27,0
DA:29,0
LF:9
LH:1
end_of_record
SF:lib\features\characters\domain\entities\character_entity.dart
DA:22,1
DA:40,1
DA:41,2
DA:42,3
DA:44,1
DA:45,1
DA:46,1
DA:47,1
DA:50,1
DA:56,1
DA:58,1
LF:11
LH:11
end_of_record
SF:lib\features\characters\domain\entities\roll_result_entity.dart
DA:11,0
LF:1
LH:0
end_of_record
SF:lib\features\characters\domain\usecases\delete_character.dart
DA:10,1
DA:12,1
DA:14,2
LF:3
LH:3
end_of_record
SF:lib\features\characters\domain\usecases\get_characters.dart
DA:10,1
DA:14,1
DA:16,2
LF:3
LH:3
end_of_record
SF:lib\features\characters\domain\usecases\save_new_character.dart
DA:10,1
DA:12,1
DA:16,2
LF:3
LH:3
end_of_record
SF:lib\features\characters\domain\usecases\update_character.dart
DA:10,1
DA:12,1
DA:14,3
DA:16,2
LF:4
LH:4
end_of_record
SF:lib\features\file_managment\data\repositories\file_repository_impl.dart
DA:12,1
DA:14,1
DA:17,2
DA:19,1
DA:20,1
DA:21,2
DA:25,1
DA:28,2
DA:31,1
DA:32,2
DA:36,1
DA:38,3
DA:39,2
LF:13
LH:13
end_of_record
SF:lib\features\file_managment\domain\usecases\save_pdf.dart
DA:11,1
DA:13,1
DA:15,2
DA:23,1
LF:4
LH:4
end_of_record
SF:lib\features\file_managment\domain\usecases\copy_file.dart
DA:11,1
DA:13,1
DA:15,2
LF:3
LH:3
end_of_record
SF:lib\features\file_managment\domain\usecases\delete_file.dart
DA:10,1
DA:12,1
DA:14,2
LF:3
LH:3
end_of_record
